2024-04-14T19:50:34.661798+00:00 INFO 'ansible_navigator.setup_logger' New ansible-navigator instance, logging initialized
2024-04-14T19:50:34.662171+00:00 INFO 'ansible_navigator.setup_logger' New ansible-runner instance, logging initialized
2024-04-14T19:50:34.662224+00:00 DEBUG 'ansible_navigator.main' ansible-builder==1.2.0 /usr/lib/python3.9/site-packages
2024-04-14T19:50:34.662251+00:00 DEBUG 'ansible_navigator.main' ansible-compat==2.2.1 /usr/lib/python3.9/site-packages
2024-04-14T19:50:34.662275+00:00 DEBUG 'ansible_navigator.main' ansible-core==2.14.10 /usr/lib/python3.9/site-packages
2024-04-14T19:50:34.662296+00:00 DEBUG 'ansible_navigator.main' ansible-lint==6.8.2 /usr/lib/python3.9/site-packages
2024-04-14T19:50:34.662317+00:00 DEBUG 'ansible_navigator.main' ansible-navigator==2.2.0 /usr/lib/python3.9/site-packages
2024-04-14T19:50:34.662338+00:00 DEBUG 'ansible_navigator.main' ansible-pylibssh==1.0.0 /usr/lib64/python3.9/site-packages
2024-04-14T19:50:34.662359+00:00 DEBUG 'ansible_navigator.main' ansible-runner==2.3.2 /usr/lib/python3.9/site-packages
2024-04-14T19:50:34.662379+00:00 DEBUG 'ansible_navigator.main' attrs==20.3.0 /usr/lib/python3.9/site-packages
2024-04-14T19:50:34.662400+00:00 DEBUG 'ansible_navigator.main' babel==2.9.1 /usr/lib/python3.9/site-packages
2024-04-14T19:50:34.662420+00:00 DEBUG 'ansible_navigator.main' bindep==2.10.2 /usr/lib/python3.9/site-packages
2024-04-14T19:50:34.662441+00:00 DEBUG 'ansible_navigator.main' black==22.8.0 /usr/lib/python3.9/site-packages
2024-04-14T19:50:34.662461+00:00 DEBUG 'ansible_navigator.main' bracex==2.2.1 /usr/lib/python3.9/site-packages
2024-04-14T19:50:34.662481+00:00 DEBUG 'ansible_navigator.main' brlapi==0.8.2 /usr/lib64/python3.9/site-packages
2024-04-14T19:50:34.662501+00:00 DEBUG 'ansible_navigator.main' cffi==1.14.5 /usr/lib64/python3.9/site-packages
2024-04-14T19:50:34.662521+00:00 DEBUG 'ansible_navigator.main' chardet==4.0.0 /usr/lib/python3.9/site-packages
2024-04-14T19:50:34.662542+00:00 DEBUG 'ansible_navigator.main' chrome-gnome-shell==0.0.0 /usr/lib/python3.9/site-packages
2024-04-14T19:50:34.662562+00:00 DEBUG 'ansible_navigator.main' click==8.0.4 /usr/lib/python3.9/site-packages
2024-04-14T19:50:34.662582+00:00 DEBUG 'ansible_navigator.main' cloud-init==22.1 /usr/lib/python3.9/site-packages
2024-04-14T19:50:34.662602+00:00 DEBUG 'ansible_navigator.main' commonmark==0.9.1 /usr/lib/python3.9/site-packages
2024-04-14T19:50:34.662633+00:00 DEBUG 'ansible_navigator.main' configobj==5.0.6 /usr/lib/python3.9/site-packages
2024-04-14T19:50:34.662655+00:00 DEBUG 'ansible_navigator.main' cryptography==36.0.1 /usr/lib64/python3.9/site-packages
2024-04-14T19:50:34.662675+00:00 DEBUG 'ansible_navigator.main' cupshelpers==1.0 /usr/lib/python3.9/site-packages
2024-04-14T19:50:34.662695+00:00 DEBUG 'ansible_navigator.main' dasbus==1.4 /usr/lib/python3.9/site-packages
2024-04-14T19:50:34.662718+00:00 DEBUG 'ansible_navigator.main' dbus-python==1.2.18 /usr/lib64/python3.9/site-packages
2024-04-14T19:50:34.662748+00:00 DEBUG 'ansible_navigator.main' decorator==4.4.2 /usr/lib/python3.9/site-packages
2024-04-14T19:50:34.662772+00:00 DEBUG 'ansible_navigator.main' distlib==0.3.7 /usr/local/lib/python3.9/site-packages
2024-04-14T19:50:34.662793+00:00 DEBUG 'ansible_navigator.main' distro==1.5.0 /usr/lib/python3.9/site-packages
2024-04-14T19:50:34.662813+00:00 DEBUG 'ansible_navigator.main' docutils==0.16 /usr/lib/python3.9/site-packages
2024-04-14T19:50:34.662833+00:00 DEBUG 'ansible_navigator.main' ethtool==0.15 /usr/lib64/python3.9/site-packages
2024-04-14T19:50:34.662853+00:00 DEBUG 'ansible_navigator.main' file-magic==0.4.0 /usr/lib/python3.9/site-packages
2024-04-14T19:50:34.662873+00:00 DEBUG 'ansible_navigator.main' filelock==3.12.4 /usr/local/lib/python3.9/site-packages
2024-04-14T19:50:34.662893+00:00 DEBUG 'ansible_navigator.main' future==0.18.3 /usr/lib/python3.9/site-packages
2024-04-14T19:50:34.662914+00:00 DEBUG 'ansible_navigator.main' gpg==1.15.1 /usr/lib64/python3.9/site-packages
2024-04-14T19:50:34.662934+00:00 DEBUG 'ansible_navigator.main' idna==2.10 /usr/lib/python3.9/site-packages
2024-04-14T19:50:34.662962+00:00 DEBUG 'ansible_navigator.main' iniparse==0.4 /usr/lib/python3.9/site-packages
2024-04-14T19:50:34.662997+00:00 DEBUG 'ansible_navigator.main' jinja2==3.1.2 /usr/lib/python3.9/site-packages
2024-04-14T19:50:34.663018+00:00 DEBUG 'ansible_navigator.main' jsonpatch==1.21 /usr/lib/python3.9/site-packages
2024-04-14T19:50:34.663039+00:00 DEBUG 'ansible_navigator.main' jsonpointer==2.0 /usr/lib/python3.9/site-packages
2024-04-14T19:50:34.663059+00:00 DEBUG 'ansible_navigator.main' jsonschema==4.9.1 /usr/lib/python3.9/site-packages
2024-04-14T19:50:34.663079+00:00 DEBUG 'ansible_navigator.main' libcomps==0.1.18 /usr/lib64/python3.9/site-packages
2024-04-14T19:50:34.663100+00:00 DEBUG 'ansible_navigator.main' lockfile==0.12.2 /usr/lib/python3.9/site-packages
2024-04-14T19:50:34.663120+00:00 DEBUG 'ansible_navigator.main' lxml==4.6.5 /usr/lib64/python3.9/site-packages
2024-04-14T19:50:34.663140+00:00 DEBUG 'ansible_navigator.main' markupsafe==2.1.0 /usr/lib64/python3.9/site-packages
2024-04-14T19:50:34.663161+00:00 DEBUG 'ansible_navigator.main' mypy-extensions==0.4.3 /usr/lib/python3.9/site-packages
2024-04-14T19:50:34.663181+00:00 DEBUG 'ansible_navigator.main' netifaces==0.10.6 /usr/lib64/python3.9/site-packages
2024-04-14T19:50:34.663201+00:00 DEBUG 'ansible_navigator.main' nftables==0.1 /usr/lib/python3.9/site-packages
2024-04-14T19:50:34.663222+00:00 DEBUG 'ansible_navigator.main' oauthlib==3.1.1 /usr/lib/python3.9/site-packages
2024-04-14T19:50:34.663242+00:00 DEBUG 'ansible_navigator.main' onigurumacffi==1.1.0 /usr/lib64/python3.9/site-packages
2024-04-14T19:50:34.663262+00:00 DEBUG 'ansible_navigator.main' packaging==20.9 /usr/lib/python3.9/site-packages
2024-04-14T19:50:34.663282+00:00 DEBUG 'ansible_navigator.main' parsley==1.3 /usr/lib/python3.9/site-packages
2024-04-14T19:50:34.663302+00:00 DEBUG 'ansible_navigator.main' pathspec==0.9.0 /usr/lib/python3.9/site-packages
2024-04-14T19:50:34.663322+00:00 DEBUG 'ansible_navigator.main' pbr==5.8.1 /usr/lib/python3.9/site-packages
2024-04-14T19:50:34.663342+00:00 DEBUG 'ansible_navigator.main' perf==0.1 /usr/lib64/python3.9/site-packages
2024-04-14T19:50:34.663362+00:00 DEBUG 'ansible_navigator.main' pexpect==4.8.0 /usr/lib/python3.9/site-packages
2024-04-14T19:50:34.663382+00:00 DEBUG 'ansible_navigator.main' pip==21.2.3 /usr/lib/python3.9/site-packages
2024-04-14T19:50:34.663402+00:00 DEBUG 'ansible_navigator.main' platformdirs==3.10.0 /usr/local/lib/python3.9/site-packages
2024-04-14T19:50:34.663422+00:00 DEBUG 'ansible_navigator.main' ply==3.11 /usr/lib/python3.9/site-packages
2024-04-14T19:50:34.663443+00:00 DEBUG 'ansible_navigator.main' prettytable==0.7.2 /usr/lib/python3.9/site-packages
2024-04-14T19:50:34.663463+00:00 DEBUG 'ansible_navigator.main' psutil==5.8.0 /usr/lib64/python3.9/site-packages
2024-04-14T19:50:34.663483+00:00 DEBUG 'ansible_navigator.main' ptyprocess==0.6.0 /usr/lib/python3.9/site-packages
2024-04-14T19:50:34.663503+00:00 DEBUG 'ansible_navigator.main' pycairo==1.20.1 /usr/lib64/python3.9/site-packages
2024-04-14T19:50:34.663524+00:00 DEBUG 'ansible_navigator.main' pycparser==2.20 /usr/lib/python3.9/site-packages
2024-04-14T19:50:34.663543+00:00 DEBUG 'ansible_navigator.main' pycups==2.0.1 /usr/lib64/python3.9/site-packages
2024-04-14T19:50:34.663563+00:00 DEBUG 'ansible_navigator.main' pycurl==7.43.0.6 /usr/lib64/python3.9/site-packages
2024-04-14T19:50:34.663584+00:00 DEBUG 'ansible_navigator.main' pyenchant==3.2.0 /usr/lib/python3.9/site-packages
2024-04-14T19:50:34.663604+00:00 DEBUG 'ansible_navigator.main' pygments==2.11.2 /usr/lib/python3.9/site-packages
2024-04-14T19:50:34.663637+00:00 DEBUG 'ansible_navigator.main' pygobject==3.40.1 /usr/lib64/python3.9/site-packages
2024-04-14T19:50:34.663659+00:00 DEBUG 'ansible_navigator.main' pyinotify==0.9.6 /usr/lib/python3.9/site-packages
2024-04-14T19:50:34.663679+00:00 DEBUG 'ansible_navigator.main' pyparsing==2.4.7 /usr/lib/python3.9/site-packages
2024-04-14T19:50:34.663699+00:00 DEBUG 'ansible_navigator.main' pyrsistent==0.17.3 /usr/lib64/python3.9/site-packages
2024-04-14T19:50:34.663730+00:00 DEBUG 'ansible_navigator.main' pyserial==3.4 /usr/lib/python3.9/site-packages
2024-04-14T19:50:34.663751+00:00 DEBUG 'ansible_navigator.main' pysocks==1.7.1 /usr/lib/python3.9/site-packages
2024-04-14T19:50:34.663771+00:00 DEBUG 'ansible_navigator.main' python-daemon==2.3.0 /usr/lib/python3.9/site-packages
2024-04-14T19:50:34.663791+00:00 DEBUG 'ansible_navigator.main' python-dateutil==2.8.1 /usr/lib/python3.9/site-packages
2024-04-14T19:50:34.663811+00:00 DEBUG 'ansible_navigator.main' python-linux-procfs==0.7.0 /usr/lib/python3.9/site-packages
2024-04-14T19:50:34.663831+00:00 DEBUG 'ansible_navigator.main' pytz==2021.1 /usr/lib/python3.9/site-packages
2024-04-14T19:50:34.663851+00:00 DEBUG 'ansible_navigator.main' pyudev==0.22.0 /usr/lib/python3.9/site-packages
2024-04-14T19:50:34.663872+00:00 DEBUG 'ansible_navigator.main' pyxdg==0.27 /usr/lib/python3.9/site-packages
2024-04-14T19:50:34.663892+00:00 DEBUG 'ansible_navigator.main' pyyaml==5.4.1 /usr/lib64/python3.9/site-packages
2024-04-14T19:50:34.663912+00:00 DEBUG 'ansible_navigator.main' requests==2.25.1 /usr/lib/python3.9/site-packages
2024-04-14T19:50:34.663932+00:00 DEBUG 'ansible_navigator.main' requirements-parser==0.2.0 /usr/lib/python3.9/site-packages
2024-04-14T19:50:34.663952+00:00 DEBUG 'ansible_navigator.main' resolvelib==0.5.4 /usr/lib/python3.9/site-packages
2024-04-14T19:50:34.663982+00:00 DEBUG 'ansible_navigator.main' rich==12.0.0 /usr/lib/python3.9/site-packages
2024-04-14T19:50:34.664004+00:00 DEBUG 'ansible_navigator.main' rpm==4.16.1.3 /usr/lib64/python3.9/site-packages
2024-04-14T19:50:34.664024+00:00 DEBUG 'ansible_navigator.main' ruamel.yaml.clib==0.2.6 /usr/lib64/python3.9/site-packages
2024-04-14T19:50:34.664044+00:00 DEBUG 'ansible_navigator.main' ruamel.yaml==0.17.21 /usr/lib/python3.9/site-packages
2024-04-14T19:50:34.664065+00:00 DEBUG 'ansible_navigator.main' selinux==3.4 /usr/lib64/python3.9/site-packages
2024-04-14T19:50:34.664085+00:00 DEBUG 'ansible_navigator.main' sepolicy==3.4 /usr/lib/python3.9/site-packages
2024-04-14T19:50:34.664105+00:00 DEBUG 'ansible_navigator.main' setools==4.4.0 /usr/lib64/python3.9/site-packages
2024-04-14T19:50:34.664126+00:00 DEBUG 'ansible_navigator.main' setroubleshoot==1.1 /usr/lib/python3.9/site-packages
2024-04-14T19:50:34.664146+00:00 DEBUG 'ansible_navigator.main' setuptools==53.0.0 /usr/lib/python3.9/site-packages
2024-04-14T19:50:34.664166+00:00 DEBUG 'ansible_navigator.main' six==1.15.0 /usr/lib/python3.9/site-packages
2024-04-14T19:50:34.664186+00:00 DEBUG 'ansible_navigator.main' sos==4.3 /usr/lib/python3.9/site-packages
2024-04-14T19:50:34.664207+00:00 DEBUG 'ansible_navigator.main' subprocess-tee==0.3.5 /usr/lib/python3.9/site-packages
2024-04-14T19:50:34.664227+00:00 DEBUG 'ansible_navigator.main' subscription-manager==1.29.30 /usr/lib64/python3.9/site-packages
2024-04-14T19:50:34.664247+00:00 DEBUG 'ansible_navigator.main' systemd-python==234 /usr/lib64/python3.9/site-packages
2024-04-14T19:50:34.664268+00:00 DEBUG 'ansible_navigator.main' tomli==2.0.1 /usr/lib/python3.9/site-packages
2024-04-14T19:50:34.664288+00:00 DEBUG 'ansible_navigator.main' typing-extensions==3.10.0.2 /usr/lib/python3.9/site-packages
2024-04-14T19:50:34.664308+00:00 DEBUG 'ansible_navigator.main' urllib3==1.26.5 /usr/lib/python3.9/site-packages
2024-04-14T19:50:34.664328+00:00 DEBUG 'ansible_navigator.main' virtualenv==20.24.5 /usr/local/lib/python3.9/site-packages
2024-04-14T19:50:34.664348+00:00 DEBUG 'ansible_navigator.main' wcmatch==8.3 /usr/lib/python3.9/site-packages
2024-04-14T19:50:34.664368+00:00 DEBUG 'ansible_navigator.main' yamllint==1.26.3 /usr/lib/python3.9/site-packages
2024-04-14T19:50:34.664388+00:00 DEBUG 'ansible_navigator.main' Share directory '/usr/lib/python3.9/share/ansible_navigator' not found (development path)
2024-04-14T19:50:34.664409+00:00 DEBUG 'ansible_navigator.main' Share directory '/home/student/.local/share/ansible_navigator' not found (userbase)
2024-04-14T19:50:34.664429+00:00 DEBUG 'ansible_navigator.main' Share directory '/usr/share/ansible_navigator' found (sys.prefix)
2024-04-14T19:50:34.664453+00:00 DEBUG 'ansible_navigator.main' Default collection_doc_cache_path set to: /home/student/.cache/ansible-navigator/collection_doc_cache.db
2024-04-14T19:50:34.664475+00:00 DEBUG 'ansible_navigator.main' EDITOR environment variable not set
2024-04-14T19:50:34.664495+00:00 DEBUG 'ansible_navigator.main' Default editor_command set to: vi +{line_number} {filename}
2024-04-14T19:50:34.664515+00:00 DEBUG 'ansible_navigator.main' No config file set by ANSIBLE_NAVIGATOR_CONFIG
2024-04-14T19:50:34.664536+00:00 DEBUG 'ansible_navigator.main' Looking in /home/student
2024-04-14T19:50:34.664556+00:00 DEBUG 'ansible_navigator.main' Looking for '/home/student/.ansible-navigator.yml', '/home/student/.ansible-navigator.yaml' and '/home/student/.ansible-navigator.json'
2024-04-14T19:50:34.664577+00:00 DEBUG 'ansible_navigator.main' Found 0: 
2024-04-14T19:50:34.664598+00:00 DEBUG 'ansible_navigator.main' Looking in /home/student/git-repos/compreview
2024-04-14T19:50:34.664618+00:00 DEBUG 'ansible_navigator.main' Looking for '/home/student/git-repos/compreview/ansible-navigator.yml', '/home/student/git-repos/compreview/ansible-navigator.yaml' and '/home/student/git-repos/compreview/ansible-navigator.json'
2024-04-14T19:50:34.664657+00:00 DEBUG 'ansible_navigator.main' Found 1: '/home/student/git-repos/compreview/ansible-navigator.yml'
2024-04-14T19:50:34.664679+00:00 DEBUG 'ansible_navigator.main' All found 1: '/home/student/git-repos/compreview/ansible-navigator.yml'
2024-04-14T19:50:34.664699+00:00 DEBUG 'ansible_navigator.main' Using: /home/student/git-repos/compreview/ansible-navigator.yml
2024-04-14T19:50:34.664719+00:00 DEBUG 'ansible_navigator.main' Using settings file at /home/student/git-repos/compreview/ansible-navigator.yml in search path
2024-04-14T19:50:34.664739+00:00 DEBUG 'ansible_navigator.main' Command provided: 'inventory -i inventory.yaml --list'
2024-04-14T19:50:34.664759+00:00 DEBUG 'ansible_navigator.main' ansible-navigator.ansible-runner.artifact-dir not found in settings file
2024-04-14T19:50:34.664779+00:00 DEBUG 'ansible_navigator.main' ansible-navigator.ansible-runner.rotate-artifacts-count not found in settings file
2024-04-14T19:50:34.664799+00:00 DEBUG 'ansible_navigator.main' ansible-navigator.ansible-runner.timeout not found in settings file
2024-04-14T19:50:34.664819+00:00 DEBUG 'ansible_navigator.main' ansible-navigator.app not found in settings file
2024-04-14T19:50:34.664839+00:00 DEBUG 'ansible_navigator.main' ansible-navigator.ansible.cmdline not found in settings file
2024-04-14T19:50:34.664858+00:00 DEBUG 'ansible_navigator.main' ansible-navigator.collection-doc-cache-path not found in settings file
2024-04-14T19:50:34.664878+00:00 DEBUG 'ansible_navigator.main' ansible-navigator.ansible.config.path not found in settings file
2024-04-14T19:50:34.664898+00:00 DEBUG 'ansible_navigator.main' ansible-navigator.execution-environment.container-engine not found in settings file
2024-04-14T19:50:34.664918+00:00 DEBUG 'ansible_navigator.main' ansible-navigator.execution-environment.container-options not found in settings file
2024-04-14T19:50:34.664938+00:00 DEBUG 'ansible_navigator.main' ansible-navigator.color.enable not found in settings file
2024-04-14T19:50:34.664957+00:00 DEBUG 'ansible_navigator.main' ansible-navigator.editor.command not found in settings file
2024-04-14T19:50:34.664986+00:00 DEBUG 'ansible_navigator.main' ansible-navigator.editor.console not found in settings file
2024-04-14T19:50:34.665006+00:00 DEBUG 'ansible_navigator.main' ansible-navigator.exec.command not found in settings file
2024-04-14T19:50:34.665026+00:00 DEBUG 'ansible_navigator.main' ansible-navigator.exec.shell not found in settings file
2024-04-14T19:50:34.665045+00:00 DEBUG 'ansible_navigator.main' ansible-navigator.execution-environment.enabled not found in settings file
2024-04-14T19:50:34.665066+00:00 DEBUG 'ansible_navigator.main' ansible-navigator.execution-environment.volume-mounts not found in settings file
2024-04-14T19:50:34.665089+00:00 DEBUG 'ansible_navigator.main' ansible-navigator.ansible-builder.help not found in settings file
2024-04-14T19:50:34.665109+00:00 DEBUG 'ansible_navigator.main' ansible-navigator.ansible.config.help not found in settings file
2024-04-14T19:50:34.665129+00:00 DEBUG 'ansible_navigator.main' ansible-navigator.ansible.doc.help not found in settings file
2024-04-14T19:50:34.665149+00:00 DEBUG 'ansible_navigator.main' ansible-navigator.ansible.inventory.help not found in settings file
2024-04-14T19:50:34.665168+00:00 DEBUG 'ansible_navigator.main' ansible-navigator.ansible.playbook.help not found in settings file
2024-04-14T19:50:34.665188+00:00 DEBUG 'ansible_navigator.main' ansible-navigator.images.details not found in settings file
2024-04-14T19:50:34.665208+00:00 DEBUG 'ansible_navigator.main' ansible-navigator.inventory-columns not found in settings file
2024-04-14T19:50:34.665227+00:00 DEBUG 'ansible_navigator.main' ansible-navigator.ansible-lint.config not found in settings file
2024-04-14T19:50:34.665247+00:00 DEBUG 'ansible_navigator.main' ansible-navigator.ansible-lint.lintables not found in settings file
2024-04-14T19:50:34.665267+00:00 DEBUG 'ansible_navigator.main' ansible-navigator.logging.file not found in settings file
2024-04-14T19:50:34.665287+00:00 DEBUG 'ansible_navigator.main' ansible-navigator.color.osc4 not found in settings file
2024-04-14T19:50:34.665307+00:00 DEBUG 'ansible_navigator.main' ansible-navigator.execution-environment.environment-variables.pass not found in settings file
2024-04-14T19:50:34.665327+00:00 DEBUG 'ansible_navigator.main' ansible-navigator.ansible.playbook.path not found in settings file
2024-04-14T19:50:34.665347+00:00 DEBUG 'ansible_navigator.main' ansible-navigator.playbook-artifact.replay not found in settings file
2024-04-14T19:50:34.665366+00:00 DEBUG 'ansible_navigator.main' ansible-navigator.playbook-artifact.save-as not found in settings file
2024-04-14T19:50:34.665386+00:00 DEBUG 'ansible_navigator.main' ansible-navigator.ansible.doc.plugin.name not found in settings file
2024-04-14T19:50:34.665406+00:00 DEBUG 'ansible_navigator.main' ansible-navigator.ansible.doc.plugin.type not found in settings file
2024-04-14T19:50:34.665426+00:00 DEBUG 'ansible_navigator.main' ansible-navigator.execution-environment.pull.arguments not found in settings file
2024-04-14T19:50:34.665445+00:00 DEBUG 'ansible_navigator.main' ansible-navigator.execution-environment.environment-variables.set not found in settings file
2024-04-14T19:50:34.665465+00:00 DEBUG 'ansible_navigator.main' ansible-navigator.settings.effective not found in settings file
2024-04-14T19:50:34.665485+00:00 DEBUG 'ansible_navigator.main' ansible-navigator.settings.sample not found in settings file
2024-04-14T19:50:34.665505+00:00 DEBUG 'ansible_navigator.main' ansible-navigator.settings.schema not found in settings file
2024-04-14T19:50:34.665524+00:00 DEBUG 'ansible_navigator.main' ansible-navigator.settings.sources not found in settings file
2024-04-14T19:50:34.665544+00:00 DEBUG 'ansible_navigator.main' ansible-navigator.time-zone not found in settings file
2024-04-14T19:50:34.665564+00:00 DEBUG 'ansible_navigator.main' ansible-navigator.ansible-builder.workdir not found in settings file
2024-04-14T19:50:34.665584+00:00 DEBUG 'ansible_navigator.main' EE support enabled: using current working directory for 'ansible.cfg'
2024-04-14T19:50:34.665604+00:00 INFO 'ansible_navigator.main' EE support enabled: no 'ansible.cfg' found in current working directory. Tried /home/student/git-repos/compreview/ansible.cfg
2024-04-14T19:50:34.665630+00:00 DEBUG 'ansible_navigator.main' Completed post processing for ansible_runner_artifact_dir. (changed=False)
2024-04-14T19:50:34.665650+00:00 DEBUG 'ansible_navigator.main' Completed post processing for ansible_runner_rotate_artifacts_count. (changed=False)
2024-04-14T19:50:34.665670+00:00 DEBUG 'ansible_navigator.main' Completed post processing for ansible_runner_timeout. (changed=False)
2024-04-14T19:50:34.665690+00:00 DEBUG 'ansible_navigator.main' Completed post processing for cmdline. (changed=False)
2024-04-14T19:50:34.665717+00:00 DEBUG 'ansible_navigator.main' Completed post processing for collection_doc_cache_path. (changed=False)
2024-04-14T19:50:34.665738+00:00 DEBUG 'ansible_navigator.main' Completed post processing for container_engine. (changed=True)
2024-04-14T19:50:34.665757+00:00 DEBUG 'ansible_navigator.main'  before: 'auto'
2024-04-14T19:50:34.665777+00:00 DEBUG 'ansible_navigator.main'  after: 'podman'
2024-04-14T19:50:34.665797+00:00 DEBUG 'ansible_navigator.main' Completed post processing for container_options. (changed=False)
2024-04-14T19:50:34.665817+00:00 DEBUG 'ansible_navigator.main' Completed post processing for display_color. (changed=False)
2024-04-14T19:50:34.665836+00:00 DEBUG 'ansible_navigator.main' Completed post processing for execution_environment. (changed=False)
2024-04-14T19:50:34.665856+00:00 DEBUG 'ansible_navigator.main' Completed post processing for execution_environment_image. (changed=False)
2024-04-14T19:50:34.665876+00:00 DEBUG 'ansible_navigator.main' Completed post processing for help_builder. (changed=False)
2024-04-14T19:50:34.665895+00:00 DEBUG 'ansible_navigator.main' Completed post processing for help_config. (changed=False)
2024-04-14T19:50:34.665915+00:00 DEBUG 'ansible_navigator.main' Completed post processing for help_doc. (changed=False)
2024-04-14T19:50:34.665935+00:00 DEBUG 'ansible_navigator.main' Completed post processing for help_inventory. (changed=False)
2024-04-14T19:50:34.665954+00:00 DEBUG 'ansible_navigator.main' Completed post processing for help_playbook. (changed=False)
2024-04-14T19:50:34.666029+00:00 DEBUG 'ansible_navigator.main' Completed post processing for images_details. (changed=False)
2024-04-14T19:50:34.666050+00:00 DEBUG 'ansible_navigator.main' Completed post processing for inventory. (changed=True)
2024-04-14T19:50:34.666070+00:00 DEBUG 'ansible_navigator.main'  before: '[['inventory.yaml']]'
2024-04-14T19:50:34.666090+00:00 DEBUG 'ansible_navigator.main'  after: '['/home/student/git-repos/compreview/inventory.yaml']'
2024-04-14T19:50:34.666109+00:00 DEBUG 'ansible_navigator.main' Completed post processing for inventory_column. (changed=False)
2024-04-14T19:50:34.666129+00:00 DEBUG 'ansible_navigator.main' Completed post processing for log_file. (changed=False)
2024-04-14T19:50:34.666148+00:00 DEBUG 'ansible_navigator.main' Completed post processing for pass_environment_variable. (changed=False)
2024-04-14T19:50:34.666168+00:00 DEBUG 'ansible_navigator.main' Completed post processing for playbook. (changed=False)
2024-04-14T19:50:34.666188+00:00 DEBUG 'ansible_navigator.main' Completed post processing for playbook_artifact_replay. (changed=False)
2024-04-14T19:50:34.666208+00:00 DEBUG 'ansible_navigator.main' Completed post processing for playbook_artifact_save_as. (changed=False)
2024-04-14T19:50:34.666227+00:00 DEBUG 'ansible_navigator.main' Completed post processing for plugin_name. (changed=False)
2024-04-14T19:50:34.666247+00:00 DEBUG 'ansible_navigator.main' Completed post processing for pull_arguments. (changed=False)
2024-04-14T19:50:34.666267+00:00 DEBUG 'ansible_navigator.main' Completed post processing for set_environment_variable. (changed=False)
2024-04-14T19:50:34.666287+00:00 DEBUG 'ansible_navigator.main' Completed post processing for settings_effective. (changed=False)
2024-04-14T19:50:34.666306+00:00 DEBUG 'ansible_navigator.main' Completed post processing for settings_sample. (changed=False)
2024-04-14T19:50:34.666326+00:00 DEBUG 'ansible_navigator.main' Completed post processing for settings_schema. (changed=False)
2024-04-14T19:50:34.666345+00:00 DEBUG 'ansible_navigator.main' Completed post processing for settings_sources. (changed=False)
2024-04-14T19:50:34.666365+00:00 DEBUG 'ansible_navigator.main' Completed post processing for time_zone. (changed=False)
2024-04-14T19:50:34.666385+00:00 DEBUG 'ansible_navigator.main' Completed post processing for execution_environment_volume_mounts. (changed=False)
2024-04-14T19:50:34.666404+00:00 DEBUG 'ansible_navigator.main' Completed post processing for mode. (changed=False)
2024-04-14T19:50:34.666427+00:00 DEBUG 'ansible_navigator.main' Collection doc cache not mounted
2024-04-14T19:50:34.666447+00:00 DEBUG 'ansible_navigator.main' Collection doc cache: 'path' is '/home/student/.cache/ansible-navigator/collection_doc_cache.db'
2024-04-14T19:50:34.666467+00:00 DEBUG 'ansible_navigator.main' Collection doc cache: 'current version' is '1.0'
2024-04-14T19:50:34.666487+00:00 DEBUG 'ansible_navigator.main' Collection doc cache not attached to args.internals
2024-04-14T19:50:34.666507+00:00 DEBUG 'ansible_navigator.main' Running with ansible_runner_artifact_dir as 'Not set' (Constants/Not set)
2024-04-14T19:50:34.666526+00:00 DEBUG 'ansible_navigator.main' Running with ansible_runner_rotate_artifacts_count as 'Not set' (Constants/Not set)
2024-04-14T19:50:34.666545+00:00 DEBUG 'ansible_navigator.main' Running with ansible_runner_timeout as 'Not set' (Constants/Not set)
2024-04-14T19:50:34.666565+00:00 DEBUG 'ansible_navigator.main' Running with app as 'inventory' (str/Command line)
2024-04-14T19:50:34.666584+00:00 DEBUG 'ansible_navigator.main' Running with cmdline as '['--list']' (list/Command line)
2024-04-14T19:50:34.666604+00:00 DEBUG 'ansible_navigator.main' Running with collection_doc_cache_path as '/home/student/.cache/ansible-navigator/collection_doc_cache.db' (str/Defaults)
2024-04-14T19:50:34.666632+00:00 DEBUG 'ansible_navigator.main' Running with config as 'Not set' (Constants/Not set)
2024-04-14T19:50:34.666652+00:00 DEBUG 'ansible_navigator.main' Running with container_engine as 'podman' (str/Automatically determined)
2024-04-14T19:50:34.666672+00:00 DEBUG 'ansible_navigator.main' Running with container_options as 'Not set' (Constants/Not set)
2024-04-14T19:50:34.666691+00:00 DEBUG 'ansible_navigator.main' Running with display_color as 'True' (bool/Defaults)
2024-04-14T19:50:34.666711+00:00 DEBUG 'ansible_navigator.main' Running with editor_command as 'vi +{line_number} {filename}' (str/Defaults)
2024-04-14T19:50:34.666731+00:00 DEBUG 'ansible_navigator.main' Running with editor_console as 'True' (bool/Defaults)
2024-04-14T19:50:34.666750+00:00 DEBUG 'ansible_navigator.main' Running with exec_command as '/bin/bash' (str/Defaults)
2024-04-14T19:50:34.666770+00:00 DEBUG 'ansible_navigator.main' Running with exec_shell as 'True' (bool/Defaults)
2024-04-14T19:50:34.666790+00:00 DEBUG 'ansible_navigator.main' Running with execution_environment as 'True' (bool/Defaults)
2024-04-14T19:50:34.666809+00:00 DEBUG 'ansible_navigator.main' Running with execution_environment_image as 'hub.lab.example.com/ee-supported-rhel8:latest' (str/Settings file)
2024-04-14T19:50:34.666829+00:00 DEBUG 'ansible_navigator.main' Running with execution_environment_volume_mounts as 'Not set' (Constants/Not set)
2024-04-14T19:50:34.666848+00:00 DEBUG 'ansible_navigator.main' Running with help_builder as 'False' (bool/Defaults)
2024-04-14T19:50:34.666868+00:00 DEBUG 'ansible_navigator.main' Running with help_config as 'False' (bool/Defaults)
2024-04-14T19:50:34.666888+00:00 DEBUG 'ansible_navigator.main' Running with help_doc as 'False' (bool/Defaults)
2024-04-14T19:50:34.666907+00:00 DEBUG 'ansible_navigator.main' Running with help_inventory as 'False' (bool/Defaults)
2024-04-14T19:50:34.666926+00:00 DEBUG 'ansible_navigator.main' Running with help_playbook as 'False' (bool/Defaults)
2024-04-14T19:50:34.666946+00:00 DEBUG 'ansible_navigator.main' Running with images_details as '['everything']' (list/Defaults)
2024-04-14T19:50:34.666972+00:00 DEBUG 'ansible_navigator.main' Running with inventory as '['/home/student/git-repos/compreview/inventory.yaml']' (list/Command line)
2024-04-14T19:50:34.666994+00:00 DEBUG 'ansible_navigator.main' Running with inventory_column as 'Not set' (Constants/Not set)
2024-04-14T19:50:34.667014+00:00 DEBUG 'ansible_navigator.main' Running with lint_config as 'Not set' (Constants/Not set)
2024-04-14T19:50:34.667033+00:00 DEBUG 'ansible_navigator.main' Running with lintables as 'Not set' (Constants/Not set)
2024-04-14T19:50:34.667053+00:00 DEBUG 'ansible_navigator.main' Running with log_append as 'False' (bool/Settings file)
2024-04-14T19:50:34.667076+00:00 DEBUG 'ansible_navigator.main' Running with log_file as '/home/student/git-repos/compreview/ansible-navigator.log' (str/Defaults)
2024-04-14T19:50:34.667096+00:00 DEBUG 'ansible_navigator.main' Running with log_level as 'debug' (str/Settings file)
2024-04-14T19:50:34.667116+00:00 DEBUG 'ansible_navigator.main' Running with mode as 'stdout' (str/Settings file)
2024-04-14T19:50:34.667135+00:00 DEBUG 'ansible_navigator.main' Running with osc4 as 'True' (bool/Defaults)
2024-04-14T19:50:34.667155+00:00 DEBUG 'ansible_navigator.main' Running with pass_environment_variable as 'Not set' (Constants/Not set)
2024-04-14T19:50:34.667175+00:00 DEBUG 'ansible_navigator.main' Running with playbook as 'Not set' (Constants/Not set)
2024-04-14T19:50:34.667194+00:00 DEBUG 'ansible_navigator.main' Running with playbook_artifact_enable as 'False' (bool/Settings file)
2024-04-14T19:50:34.667214+00:00 DEBUG 'ansible_navigator.main' Running with playbook_artifact_replay as 'Not set' (Constants/Not set)
2024-04-14T19:50:34.667233+00:00 DEBUG 'ansible_navigator.main' Running with playbook_artifact_save_as as '{playbook_dir}/{playbook_name}-artifact-{time_stamp}.json' (str/Defaults)
2024-04-14T19:50:34.667253+00:00 DEBUG 'ansible_navigator.main' Running with plugin_name as 'Not set' (Constants/Not set)
2024-04-14T19:50:34.667273+00:00 DEBUG 'ansible_navigator.main' Running with plugin_type as 'module' (str/Defaults)
2024-04-14T19:50:34.667293+00:00 DEBUG 'ansible_navigator.main' Running with pull_arguments as 'Not set' (Constants/Not set)
2024-04-14T19:50:34.667312+00:00 DEBUG 'ansible_navigator.main' Running with pull_policy as 'missing' (str/Settings file)
2024-04-14T19:50:34.667332+00:00 DEBUG 'ansible_navigator.main' Running with set_environment_variable as 'Not set' (Constants/Not set)
2024-04-14T19:50:34.667351+00:00 DEBUG 'ansible_navigator.main' Running with settings_effective as 'False' (bool/Defaults)
2024-04-14T19:50:34.667371+00:00 DEBUG 'ansible_navigator.main' Running with settings_sample as 'False' (bool/Defaults)
2024-04-14T19:50:34.667391+00:00 DEBUG 'ansible_navigator.main' Running with settings_schema as 'json' (str/Defaults)
2024-04-14T19:50:34.667410+00:00 DEBUG 'ansible_navigator.main' Running with settings_sources as 'False' (bool/Defaults)
2024-04-14T19:50:34.667430+00:00 DEBUG 'ansible_navigator.main' Running with time_zone as 'UTC' (str/Defaults)
2024-04-14T19:50:34.667449+00:00 DEBUG 'ansible_navigator.main' Running with workdir as '/home/student/git-repos/compreview' (str/Defaults)
2024-04-14T19:50:34.667552+00:00 INFO 'ansible_navigator.image_manager.puller._log_message' Image tag is: latest
2024-04-14T19:50:34.667599+00:00 DEBUG 'ansible_navigator.image_manager.puller._log_message' Command: podman image inspect hub.lab.example.com/ee-supported-rhel8:latest
2024-04-14T19:50:34.868696+00:00 DEBUG 'ansible_navigator.actions.inventory.run_stdout' inventory requested in stdout mode
2024-04-14T19:50:34.869524+00:00 DEBUG 'ansible_navigator.runner.base._set_private_data_directory' private data dir not user provided, used tmp location: /tmp/ansible-navigator_mb7i8l1n
2024-04-14T19:50:34.869770+00:00 DEBUG 'ansible_navigator.runner.base.generate_run_command_args' Runner arg: container_image:hub.lab.example.com/ee-supported-rhel8:latest
2024-04-14T19:50:34.869810+00:00 DEBUG 'ansible_navigator.runner.base.generate_run_command_args' Runner arg: process_isolation_executable:podman
2024-04-14T19:50:34.869836+00:00 DEBUG 'ansible_navigator.runner.base.generate_run_command_args' Runner arg: process_isolation:True
2024-04-14T19:50:34.869861+00:00 DEBUG 'ansible_navigator.runner.base.generate_run_command_args' Runner arg: container_volume_mounts:None
2024-04-14T19:50:34.869882+00:00 DEBUG 'ansible_navigator.runner.base.generate_run_command_args' Runner arg: container_options:None
2024-04-14T19:50:34.869904+00:00 DEBUG 'ansible_navigator.runner.base.generate_run_command_args' Runner arg: container_workdir:None
2024-04-14T19:50:34.869930+00:00 DEBUG 'ansible_navigator.runner.base.generate_run_command_args' Runner arg: private_data_dir:/tmp/ansible-navigator_mb7i8l1n
2024-04-14T19:50:34.869951+00:00 DEBUG 'ansible_navigator.runner.base.generate_run_command_args' Runner arg: json_mode:True
2024-04-14T19:50:34.869985+00:00 DEBUG 'ansible_navigator.runner.base.generate_run_command_args' Runner arg: quiet:True
2024-04-14T19:50:34.870006+00:00 DEBUG 'ansible_navigator.runner.base.generate_run_command_args' Runner arg: cancel_callback:<bound method Base.runner_cancelled_callback of <ansible_navigator.runner.command.Command object at 0x7f49494eec10>>
2024-04-14T19:50:34.870039+00:00 DEBUG 'ansible_navigator.runner.base.generate_run_command_args' Runner arg: finished_callback:<bound method Base.runner_finished_callback of <ansible_navigator.runner.command.Command object at 0x7f49494eec10>>
2024-04-14T19:50:34.870072+00:00 DEBUG 'ansible_navigator.runner.base.generate_run_command_args' Runner arg: artifacts_handler:<bound method Base.runner_artifacts_handler of <ansible_navigator.runner.command.Command object at 0x7f49494eec10>>
2024-04-14T19:50:34.870094+00:00 DEBUG 'ansible_navigator.runner.base.generate_run_command_args' Runner arg: timeout:None
2024-04-14T19:50:34.870115+00:00 DEBUG 'ansible_navigator.runner.base.generate_run_command_args' Runner arg: envvars:{}
2024-04-14T19:50:34.870137+00:00 DEBUG 'ansible_navigator.runner.base.generate_run_command_args' Runner arg: host_cwd:/home/student/git-repos/compreview/
2024-04-14T19:50:34.870157+00:00 DEBUG 'ansible_navigator.runner.base.generate_run_command_args' Runner arg: input_fd:<_io.TextIOWrapper name='<stdin>' mode='r' encoding='utf-8'>
2024-04-14T19:50:34.870194+00:00 DEBUG 'ansible_navigator.runner.base.generate_run_command_args' Runner arg: output_fd:<_io.TextIOWrapper name='<stdout>' mode='w' encoding='utf-8'>
2024-04-14T19:50:34.870220+00:00 DEBUG 'ansible_navigator.runner.base.generate_run_command_args' Runner arg: error_fd:<_io.TextIOWrapper name='<stderr>' mode='w' encoding='utf-8'>
2024-04-14T19:50:34.870243+00:00 DEBUG 'ansible_navigator.runner.base.generate_run_command_args' Runner arg: executable_cmd:ansible-inventory
2024-04-14T19:50:34.870263+00:00 DEBUG 'ansible_navigator.runner.base.generate_run_command_args' Runner arg: cmdline_args:['--list', '-i', '/home/student/git-repos/compreview/inventory.yaml']
2024-04-14T19:50:34.872072+00:00 DEBUG 'ansible-runner._handle_command_wrap' containerization enabled
2024-04-14T19:50:34.872606+00:00 DEBUG 'ansible-runner.wrap_args_for_containerization' container engine invocation: podman run --rm --tty --interactive -v /home/student/git-repos/compreview/:/home/student/git-repos/compreview/ --workdir /home/student/git-repos/compreview -v /run/user/1000/keyring/:/run/user/1000/keyring/ -e SSH_AUTH_SOCK=/run/user/1000/keyring/ssh -v /home/student/.ssh/:/home/runner/.ssh/ -v /home/student/.ssh/:/root/.ssh/ --group-add=root --ipc=host -v /tmp/ansible-navigator_mb7i8l1n/artifacts/:/runner/artifacts/:Z -v /tmp/ansible-navigator_mb7i8l1n/:/runner/:Z --env-file /tmp/ansible-navigator_mb7i8l1n/artifacts/e3a6cd05-f1e8-432a-94b2-c9cd25e45175/env.list --quiet --name ansible_runner_e3a6cd05-f1e8-432a-94b2-c9cd25e45175 hub.lab.example.com/ee-supported-rhel8:latest ansible-inventory --list -i /home/student/git-repos/compreview/inventory.yaml
2024-04-14T19:50:34.872683+00:00 DEBUG 'ansible-runner._handle_command_wrap' command: podman run --rm --tty --interactive -v /home/student/git-repos/compreview/:/home/student/git-repos/compreview/ --workdir /home/student/git-repos/compreview -v /run/user/1000/keyring/:/run/user/1000/keyring/ -e SSH_AUTH_SOCK=/run/user/1000/keyring/ssh -v /home/student/.ssh/:/home/runner/.ssh/ -v /home/student/.ssh/:/root/.ssh/ --group-add=root --ipc=host -v /tmp/ansible-navigator_mb7i8l1n/artifacts/:/runner/artifacts/:Z -v /tmp/ansible-navigator_mb7i8l1n/:/runner/:Z --env-file /tmp/ansible-navigator_mb7i8l1n/artifacts/e3a6cd05-f1e8-432a-94b2-c9cd25e45175/env.list --quiet --name ansible_runner_e3a6cd05-f1e8-432a-94b2-c9cd25e45175 hub.lab.example.com/ee-supported-rhel8:latest ansible-inventory --list -i /home/student/git-repos/compreview/inventory.yaml
2024-04-14T19:50:37.064368+00:00 DEBUG 'ansible_navigator.runner.base.runner_artifacts_handler' ansible-runner artifact_dir set to: '/tmp/ansible-navigator_mb7i8l1n/artifacts/e3a6cd05-f1e8-432a-94b2-c9cd25e45175'
