2024-04-15T01:01:20.924621+00:00 INFO 'ansible_navigator.setup_logger' New ansible-navigator instance, logging initialized
2024-04-15T01:01:20.924934+00:00 INFO 'ansible_navigator.setup_logger' New ansible-runner instance, logging initialized
2024-04-15T01:01:20.924983+00:00 DEBUG 'ansible_navigator.main' ansible-builder==1.2.0 /usr/lib/python3.9/site-packages
2024-04-15T01:01:20.925011+00:00 DEBUG 'ansible_navigator.main' ansible-compat==2.2.1 /usr/lib/python3.9/site-packages
2024-04-15T01:01:20.925035+00:00 DEBUG 'ansible_navigator.main' ansible-core==2.14.10 /usr/lib/python3.9/site-packages
2024-04-15T01:01:20.925073+00:00 DEBUG 'ansible_navigator.main' ansible-lint==6.8.2 /usr/lib/python3.9/site-packages
2024-04-15T01:01:20.925094+00:00 DEBUG 'ansible_navigator.main' ansible-navigator==2.2.0 /usr/lib/python3.9/site-packages
2024-04-15T01:01:20.925115+00:00 DEBUG 'ansible_navigator.main' ansible-pylibssh==1.0.0 /usr/lib64/python3.9/site-packages
2024-04-15T01:01:20.925136+00:00 DEBUG 'ansible_navigator.main' ansible-runner==2.3.2 /usr/lib/python3.9/site-packages
2024-04-15T01:01:20.925156+00:00 DEBUG 'ansible_navigator.main' attrs==20.3.0 /usr/lib/python3.9/site-packages
2024-04-15T01:01:20.925177+00:00 DEBUG 'ansible_navigator.main' babel==2.9.1 /usr/lib/python3.9/site-packages
2024-04-15T01:01:20.925197+00:00 DEBUG 'ansible_navigator.main' bindep==2.10.2 /usr/lib/python3.9/site-packages
2024-04-15T01:01:20.925217+00:00 DEBUG 'ansible_navigator.main' black==22.8.0 /usr/lib/python3.9/site-packages
2024-04-15T01:01:20.925237+00:00 DEBUG 'ansible_navigator.main' bracex==2.2.1 /usr/lib/python3.9/site-packages
2024-04-15T01:01:20.925257+00:00 DEBUG 'ansible_navigator.main' brlapi==0.8.2 /usr/lib64/python3.9/site-packages
2024-04-15T01:01:20.925277+00:00 DEBUG 'ansible_navigator.main' cffi==1.14.5 /usr/lib64/python3.9/site-packages
2024-04-15T01:01:20.925297+00:00 DEBUG 'ansible_navigator.main' chardet==4.0.0 /usr/lib/python3.9/site-packages
2024-04-15T01:01:20.925317+00:00 DEBUG 'ansible_navigator.main' chrome-gnome-shell==0.0.0 /usr/lib/python3.9/site-packages
2024-04-15T01:01:20.925338+00:00 DEBUG 'ansible_navigator.main' click==8.0.4 /usr/lib/python3.9/site-packages
2024-04-15T01:01:20.925370+00:00 DEBUG 'ansible_navigator.main' cloud-init==22.1 /usr/lib/python3.9/site-packages
2024-04-15T01:01:20.925390+00:00 DEBUG 'ansible_navigator.main' commonmark==0.9.1 /usr/lib/python3.9/site-packages
2024-04-15T01:01:20.925410+00:00 DEBUG 'ansible_navigator.main' configobj==5.0.6 /usr/lib/python3.9/site-packages
2024-04-15T01:01:20.925431+00:00 DEBUG 'ansible_navigator.main' cryptography==36.0.1 /usr/lib64/python3.9/site-packages
2024-04-15T01:01:20.925451+00:00 DEBUG 'ansible_navigator.main' cupshelpers==1.0 /usr/lib/python3.9/site-packages
2024-04-15T01:01:20.925471+00:00 DEBUG 'ansible_navigator.main' dasbus==1.4 /usr/lib/python3.9/site-packages
2024-04-15T01:01:20.925491+00:00 DEBUG 'ansible_navigator.main' dbus-python==1.2.18 /usr/lib64/python3.9/site-packages
2024-04-15T01:01:20.925511+00:00 DEBUG 'ansible_navigator.main' decorator==4.4.2 /usr/lib/python3.9/site-packages
2024-04-15T01:01:20.925532+00:00 DEBUG 'ansible_navigator.main' distlib==0.3.7 /usr/local/lib/python3.9/site-packages
2024-04-15T01:01:20.925552+00:00 DEBUG 'ansible_navigator.main' distro==1.5.0 /usr/lib/python3.9/site-packages
2024-04-15T01:01:20.925572+00:00 DEBUG 'ansible_navigator.main' docutils==0.16 /usr/lib/python3.9/site-packages
2024-04-15T01:01:20.925592+00:00 DEBUG 'ansible_navigator.main' ethtool==0.15 /usr/lib64/python3.9/site-packages
2024-04-15T01:01:20.925612+00:00 DEBUG 'ansible_navigator.main' file-magic==0.4.0 /usr/lib/python3.9/site-packages
2024-04-15T01:01:20.925632+00:00 DEBUG 'ansible_navigator.main' filelock==3.12.4 /usr/local/lib/python3.9/site-packages
2024-04-15T01:01:20.925653+00:00 DEBUG 'ansible_navigator.main' future==0.18.3 /usr/lib/python3.9/site-packages
2024-04-15T01:01:20.925673+00:00 DEBUG 'ansible_navigator.main' gpg==1.15.1 /usr/lib64/python3.9/site-packages
2024-04-15T01:01:20.925693+00:00 DEBUG 'ansible_navigator.main' idna==2.10 /usr/lib/python3.9/site-packages
2024-04-15T01:01:20.925721+00:00 DEBUG 'ansible_navigator.main' iniparse==0.4 /usr/lib/python3.9/site-packages
2024-04-15T01:01:20.925742+00:00 DEBUG 'ansible_navigator.main' jinja2==3.1.2 /usr/lib/python3.9/site-packages
2024-04-15T01:01:20.925761+00:00 DEBUG 'ansible_navigator.main' jsonpatch==1.21 /usr/lib/python3.9/site-packages
2024-04-15T01:01:20.925781+00:00 DEBUG 'ansible_navigator.main' jsonpointer==2.0 /usr/lib/python3.9/site-packages
2024-04-15T01:01:20.925802+00:00 DEBUG 'ansible_navigator.main' jsonschema==4.9.1 /usr/lib/python3.9/site-packages
2024-04-15T01:01:20.925822+00:00 DEBUG 'ansible_navigator.main' libcomps==0.1.18 /usr/lib64/python3.9/site-packages
2024-04-15T01:01:20.925842+00:00 DEBUG 'ansible_navigator.main' lockfile==0.12.2 /usr/lib/python3.9/site-packages
2024-04-15T01:01:20.925861+00:00 DEBUG 'ansible_navigator.main' lxml==4.6.5 /usr/lib64/python3.9/site-packages
2024-04-15T01:01:20.925882+00:00 DEBUG 'ansible_navigator.main' markupsafe==2.1.0 /usr/lib64/python3.9/site-packages
2024-04-15T01:01:20.925902+00:00 DEBUG 'ansible_navigator.main' mypy-extensions==0.4.3 /usr/lib/python3.9/site-packages
2024-04-15T01:01:20.925922+00:00 DEBUG 'ansible_navigator.main' netifaces==0.10.6 /usr/lib64/python3.9/site-packages
2024-04-15T01:01:20.925942+00:00 DEBUG 'ansible_navigator.main' nftables==0.1 /usr/lib/python3.9/site-packages
2024-04-15T01:01:20.925962+00:00 DEBUG 'ansible_navigator.main' oauthlib==3.1.1 /usr/lib/python3.9/site-packages
2024-04-15T01:01:20.925982+00:00 DEBUG 'ansible_navigator.main' onigurumacffi==1.1.0 /usr/lib64/python3.9/site-packages
2024-04-15T01:01:20.926002+00:00 DEBUG 'ansible_navigator.main' packaging==20.9 /usr/lib/python3.9/site-packages
2024-04-15T01:01:20.926022+00:00 DEBUG 'ansible_navigator.main' parsley==1.3 /usr/lib/python3.9/site-packages
2024-04-15T01:01:20.926042+00:00 DEBUG 'ansible_navigator.main' pathspec==0.9.0 /usr/lib/python3.9/site-packages
2024-04-15T01:01:20.926080+00:00 DEBUG 'ansible_navigator.main' pbr==5.8.1 /usr/lib/python3.9/site-packages
2024-04-15T01:01:20.926100+00:00 DEBUG 'ansible_navigator.main' perf==0.1 /usr/lib64/python3.9/site-packages
2024-04-15T01:01:20.926120+00:00 DEBUG 'ansible_navigator.main' pexpect==4.8.0 /usr/lib/python3.9/site-packages
2024-04-15T01:01:20.926139+00:00 DEBUG 'ansible_navigator.main' pip==21.2.3 /usr/lib/python3.9/site-packages
2024-04-15T01:01:20.926159+00:00 DEBUG 'ansible_navigator.main' platformdirs==3.10.0 /usr/local/lib/python3.9/site-packages
2024-04-15T01:01:20.926179+00:00 DEBUG 'ansible_navigator.main' ply==3.11 /usr/lib/python3.9/site-packages
2024-04-15T01:01:20.926199+00:00 DEBUG 'ansible_navigator.main' prettytable==0.7.2 /usr/lib/python3.9/site-packages
2024-04-15T01:01:20.926219+00:00 DEBUG 'ansible_navigator.main' psutil==5.8.0 /usr/lib64/python3.9/site-packages
2024-04-15T01:01:20.926238+00:00 DEBUG 'ansible_navigator.main' ptyprocess==0.6.0 /usr/lib/python3.9/site-packages
2024-04-15T01:01:20.926258+00:00 DEBUG 'ansible_navigator.main' pycairo==1.20.1 /usr/lib64/python3.9/site-packages
2024-04-15T01:01:20.926277+00:00 DEBUG 'ansible_navigator.main' pycparser==2.20 /usr/lib/python3.9/site-packages
2024-04-15T01:01:20.926297+00:00 DEBUG 'ansible_navigator.main' pycups==2.0.1 /usr/lib64/python3.9/site-packages
2024-04-15T01:01:20.926317+00:00 DEBUG 'ansible_navigator.main' pycurl==7.43.0.6 /usr/lib64/python3.9/site-packages
2024-04-15T01:01:20.926337+00:00 DEBUG 'ansible_navigator.main' pyenchant==3.2.0 /usr/lib/python3.9/site-packages
2024-04-15T01:01:20.926363+00:00 DEBUG 'ansible_navigator.main' pygments==2.11.2 /usr/lib/python3.9/site-packages
2024-04-15T01:01:20.926383+00:00 DEBUG 'ansible_navigator.main' pygobject==3.40.1 /usr/lib64/python3.9/site-packages
2024-04-15T01:01:20.926403+00:00 DEBUG 'ansible_navigator.main' pyinotify==0.9.6 /usr/lib/python3.9/site-packages
2024-04-15T01:01:20.926422+00:00 DEBUG 'ansible_navigator.main' pyparsing==2.4.7 /usr/lib/python3.9/site-packages
2024-04-15T01:01:20.926442+00:00 DEBUG 'ansible_navigator.main' pyrsistent==0.17.3 /usr/lib64/python3.9/site-packages
2024-04-15T01:01:20.926465+00:00 DEBUG 'ansible_navigator.main' pyserial==3.4 /usr/lib/python3.9/site-packages
2024-04-15T01:01:20.926486+00:00 DEBUG 'ansible_navigator.main' pysocks==1.7.1 /usr/lib/python3.9/site-packages
2024-04-15T01:01:20.926506+00:00 DEBUG 'ansible_navigator.main' python-daemon==2.3.0 /usr/lib/python3.9/site-packages
2024-04-15T01:01:20.926525+00:00 DEBUG 'ansible_navigator.main' python-dateutil==2.8.1 /usr/lib/python3.9/site-packages
2024-04-15T01:01:20.926545+00:00 DEBUG 'ansible_navigator.main' python-linux-procfs==0.7.0 /usr/lib/python3.9/site-packages
2024-04-15T01:01:20.926565+00:00 DEBUG 'ansible_navigator.main' pytz==2021.1 /usr/lib/python3.9/site-packages
2024-04-15T01:01:20.926585+00:00 DEBUG 'ansible_navigator.main' pyudev==0.22.0 /usr/lib/python3.9/site-packages
2024-04-15T01:01:20.926605+00:00 DEBUG 'ansible_navigator.main' pyxdg==0.27 /usr/lib/python3.9/site-packages
2024-04-15T01:01:20.926625+00:00 DEBUG 'ansible_navigator.main' pyyaml==5.4.1 /usr/lib64/python3.9/site-packages
2024-04-15T01:01:20.926645+00:00 DEBUG 'ansible_navigator.main' requests==2.25.1 /usr/lib/python3.9/site-packages
2024-04-15T01:01:20.926664+00:00 DEBUG 'ansible_navigator.main' requirements-parser==0.2.0 /usr/lib/python3.9/site-packages
2024-04-15T01:01:20.926684+00:00 DEBUG 'ansible_navigator.main' resolvelib==0.5.4 /usr/lib/python3.9/site-packages
2024-04-15T01:01:20.926704+00:00 DEBUG 'ansible_navigator.main' rich==12.0.0 /usr/lib/python3.9/site-packages
2024-04-15T01:01:20.926724+00:00 DEBUG 'ansible_navigator.main' rpm==4.16.1.3 /usr/lib64/python3.9/site-packages
2024-04-15T01:01:20.926744+00:00 DEBUG 'ansible_navigator.main' ruamel.yaml.clib==0.2.6 /usr/lib64/python3.9/site-packages
2024-04-15T01:01:20.926764+00:00 DEBUG 'ansible_navigator.main' ruamel.yaml==0.17.21 /usr/lib/python3.9/site-packages
2024-04-15T01:01:20.926784+00:00 DEBUG 'ansible_navigator.main' selinux==3.4 /usr/lib64/python3.9/site-packages
2024-04-15T01:01:20.926804+00:00 DEBUG 'ansible_navigator.main' sepolicy==3.4 /usr/lib/python3.9/site-packages
2024-04-15T01:01:20.926824+00:00 DEBUG 'ansible_navigator.main' setools==4.4.0 /usr/lib64/python3.9/site-packages
2024-04-15T01:01:20.926844+00:00 DEBUG 'ansible_navigator.main' setroubleshoot==1.1 /usr/lib/python3.9/site-packages
2024-04-15T01:01:20.926863+00:00 DEBUG 'ansible_navigator.main' setuptools==53.0.0 /usr/lib/python3.9/site-packages
2024-04-15T01:01:20.926883+00:00 DEBUG 'ansible_navigator.main' six==1.15.0 /usr/lib/python3.9/site-packages
2024-04-15T01:01:20.926903+00:00 DEBUG 'ansible_navigator.main' sos==4.3 /usr/lib/python3.9/site-packages
2024-04-15T01:01:20.926923+00:00 DEBUG 'ansible_navigator.main' subprocess-tee==0.3.5 /usr/lib/python3.9/site-packages
2024-04-15T01:01:20.926943+00:00 DEBUG 'ansible_navigator.main' subscription-manager==1.29.30 /usr/lib64/python3.9/site-packages
2024-04-15T01:01:20.926963+00:00 DEBUG 'ansible_navigator.main' systemd-python==234 /usr/lib64/python3.9/site-packages
2024-04-15T01:01:20.926983+00:00 DEBUG 'ansible_navigator.main' tomli==2.0.1 /usr/lib/python3.9/site-packages
2024-04-15T01:01:20.927003+00:00 DEBUG 'ansible_navigator.main' typing-extensions==3.10.0.2 /usr/lib/python3.9/site-packages
2024-04-15T01:01:20.927023+00:00 DEBUG 'ansible_navigator.main' urllib3==1.26.5 /usr/lib/python3.9/site-packages
2024-04-15T01:01:20.927043+00:00 DEBUG 'ansible_navigator.main' virtualenv==20.24.5 /usr/local/lib/python3.9/site-packages
2024-04-15T01:01:20.927071+00:00 DEBUG 'ansible_navigator.main' wcmatch==8.3 /usr/lib/python3.9/site-packages
2024-04-15T01:01:20.927091+00:00 DEBUG 'ansible_navigator.main' yamllint==1.26.3 /usr/lib/python3.9/site-packages
2024-04-15T01:01:20.927112+00:00 DEBUG 'ansible_navigator.main' Share directory '/usr/lib/python3.9/share/ansible_navigator' not found (development path)
2024-04-15T01:01:20.927132+00:00 DEBUG 'ansible_navigator.main' Share directory '/home/student/.local/share/ansible_navigator' not found (userbase)
2024-04-15T01:01:20.927152+00:00 DEBUG 'ansible_navigator.main' Share directory '/usr/share/ansible_navigator' found (sys.prefix)
2024-04-15T01:01:20.927175+00:00 DEBUG 'ansible_navigator.main' Default collection_doc_cache_path set to: /home/student/.cache/ansible-navigator/collection_doc_cache.db
2024-04-15T01:01:20.927195+00:00 DEBUG 'ansible_navigator.main' EDITOR environment variable not set
2024-04-15T01:01:20.927215+00:00 DEBUG 'ansible_navigator.main' Default editor_command set to: vi +{line_number} {filename}
2024-04-15T01:01:20.927235+00:00 DEBUG 'ansible_navigator.main' No config file set by ANSIBLE_NAVIGATOR_CONFIG
2024-04-15T01:01:20.927256+00:00 DEBUG 'ansible_navigator.main' Looking in /home/student
2024-04-15T01:01:20.927275+00:00 DEBUG 'ansible_navigator.main' Looking for '/home/student/.ansible-navigator.yml', '/home/student/.ansible-navigator.yaml' and '/home/student/.ansible-navigator.json'
2024-04-15T01:01:20.927297+00:00 DEBUG 'ansible_navigator.main' Found 0: 
2024-04-15T01:01:20.927317+00:00 DEBUG 'ansible_navigator.main' Looking in /home/student/git-repos/compreview
2024-04-15T01:01:20.927337+00:00 DEBUG 'ansible_navigator.main' Looking for '/home/student/git-repos/compreview/ansible-navigator.yml', '/home/student/git-repos/compreview/ansible-navigator.yaml' and '/home/student/git-repos/compreview/ansible-navigator.json'
2024-04-15T01:01:20.927372+00:00 DEBUG 'ansible_navigator.main' Found 1: '/home/student/git-repos/compreview/ansible-navigator.yml'
2024-04-15T01:01:20.927393+00:00 DEBUG 'ansible_navigator.main' All found 1: '/home/student/git-repos/compreview/ansible-navigator.yml'
2024-04-15T01:01:20.927413+00:00 DEBUG 'ansible_navigator.main' Using: /home/student/git-repos/compreview/ansible-navigator.yml
2024-04-15T01:01:20.927433+00:00 DEBUG 'ansible_navigator.main' Using settings file at /home/student/git-repos/compreview/ansible-navigator.yml in search path
2024-04-15T01:01:20.927453+00:00 DEBUG 'ansible_navigator.main' Command provided: 'generate_config.yml -vvv'
2024-04-15T01:01:20.927473+00:00 DEBUG 'ansible_navigator.main' ansible-navigator.ansible-runner.artifact-dir not found in settings file
2024-04-15T01:01:20.927493+00:00 DEBUG 'ansible_navigator.main' ansible-navigator.ansible-runner.rotate-artifacts-count not found in settings file
2024-04-15T01:01:20.927513+00:00 DEBUG 'ansible_navigator.main' ansible-navigator.ansible-runner.timeout not found in settings file
2024-04-15T01:01:20.927534+00:00 DEBUG 'ansible_navigator.main' ansible-navigator.app not found in settings file
2024-04-15T01:01:20.927554+00:00 DEBUG 'ansible_navigator.main' ansible-navigator.ansible.cmdline not found in settings file
2024-04-15T01:01:20.927573+00:00 DEBUG 'ansible_navigator.main' ansible-navigator.collection-doc-cache-path not found in settings file
2024-04-15T01:01:20.927593+00:00 DEBUG 'ansible_navigator.main' ansible-navigator.ansible.config.path not found in settings file
2024-04-15T01:01:20.927613+00:00 DEBUG 'ansible_navigator.main' ansible-navigator.execution-environment.container-engine not found in settings file
2024-04-15T01:01:20.927633+00:00 DEBUG 'ansible_navigator.main' ansible-navigator.execution-environment.container-options not found in settings file
2024-04-15T01:01:20.927653+00:00 DEBUG 'ansible_navigator.main' ansible-navigator.color.enable not found in settings file
2024-04-15T01:01:20.927673+00:00 DEBUG 'ansible_navigator.main' ansible-navigator.editor.command not found in settings file
2024-04-15T01:01:20.927693+00:00 DEBUG 'ansible_navigator.main' ansible-navigator.editor.console not found in settings file
2024-04-15T01:01:20.927712+00:00 DEBUG 'ansible_navigator.main' ansible-navigator.exec.command not found in settings file
2024-04-15T01:01:20.927732+00:00 DEBUG 'ansible_navigator.main' ansible-navigator.exec.shell not found in settings file
2024-04-15T01:01:20.927752+00:00 DEBUG 'ansible_navigator.main' ansible-navigator.execution-environment.enabled not found in settings file
2024-04-15T01:01:20.927772+00:00 DEBUG 'ansible_navigator.main' ansible-navigator.execution-environment.volume-mounts not found in settings file
2024-04-15T01:01:20.927792+00:00 DEBUG 'ansible_navigator.main' ansible-navigator.ansible-builder.help not found in settings file
2024-04-15T01:01:20.927814+00:00 DEBUG 'ansible_navigator.main' ansible-navigator.ansible.config.help not found in settings file
2024-04-15T01:01:20.927834+00:00 DEBUG 'ansible_navigator.main' ansible-navigator.ansible.doc.help not found in settings file
2024-04-15T01:01:20.927854+00:00 DEBUG 'ansible_navigator.main' ansible-navigator.ansible.inventory.help not found in settings file
2024-04-15T01:01:20.927874+00:00 DEBUG 'ansible_navigator.main' ansible-navigator.ansible.playbook.help not found in settings file
2024-04-15T01:01:20.927894+00:00 DEBUG 'ansible_navigator.main' ansible-navigator.images.details not found in settings file
2024-04-15T01:01:20.927914+00:00 DEBUG 'ansible_navigator.main' ansible-navigator.inventory-columns not found in settings file
2024-04-15T01:01:20.927934+00:00 DEBUG 'ansible_navigator.main' ansible-navigator.ansible-lint.config not found in settings file
2024-04-15T01:01:20.927954+00:00 DEBUG 'ansible_navigator.main' ansible-navigator.ansible-lint.lintables not found in settings file
2024-04-15T01:01:20.927973+00:00 DEBUG 'ansible_navigator.main' ansible-navigator.logging.append not found in settings file
2024-04-15T01:01:20.927993+00:00 DEBUG 'ansible_navigator.main' ansible-navigator.logging.file not found in settings file
2024-04-15T01:01:20.928013+00:00 DEBUG 'ansible_navigator.main' ansible-navigator.logging.level not found in settings file
2024-04-15T01:01:20.928033+00:00 DEBUG 'ansible_navigator.main' ansible-navigator.color.osc4 not found in settings file
2024-04-15T01:01:20.928062+00:00 DEBUG 'ansible_navigator.main' ansible-navigator.execution-environment.environment-variables.pass not found in settings file
2024-04-15T01:01:20.928082+00:00 DEBUG 'ansible_navigator.main' ansible-navigator.ansible.playbook.path not found in settings file
2024-04-15T01:01:20.928103+00:00 DEBUG 'ansible_navigator.main' ansible-navigator.playbook-artifact.replay not found in settings file
2024-04-15T01:01:20.928123+00:00 DEBUG 'ansible_navigator.main' ansible-navigator.playbook-artifact.save-as not found in settings file
2024-04-15T01:01:20.928143+00:00 DEBUG 'ansible_navigator.main' ansible-navigator.ansible.doc.plugin.name not found in settings file
2024-04-15T01:01:20.928162+00:00 DEBUG 'ansible_navigator.main' ansible-navigator.ansible.doc.plugin.type not found in settings file
2024-04-15T01:01:20.928182+00:00 DEBUG 'ansible_navigator.main' ansible-navigator.execution-environment.pull.arguments not found in settings file
2024-04-15T01:01:20.928202+00:00 DEBUG 'ansible_navigator.main' ansible-navigator.execution-environment.environment-variables.set not found in settings file
2024-04-15T01:01:20.928222+00:00 DEBUG 'ansible_navigator.main' ansible-navigator.settings.effective not found in settings file
2024-04-15T01:01:20.928243+00:00 DEBUG 'ansible_navigator.main' ansible-navigator.settings.sample not found in settings file
2024-04-15T01:01:20.928263+00:00 DEBUG 'ansible_navigator.main' ansible-navigator.settings.schema not found in settings file
2024-04-15T01:01:20.928283+00:00 DEBUG 'ansible_navigator.main' ansible-navigator.settings.sources not found in settings file
2024-04-15T01:01:20.928303+00:00 DEBUG 'ansible_navigator.main' ansible-navigator.time-zone not found in settings file
2024-04-15T01:01:20.928323+00:00 DEBUG 'ansible_navigator.main' ansible-navigator.ansible-builder.workdir not found in settings file
2024-04-15T01:01:20.928347+00:00 WARNING 'ansible_navigator.main' Configuration errors encountered, rolling back to previous configuration.
2024-04-15T01:01:20.928376+00:00 DEBUG 'ansible_navigator.main' Prior to rollback: ansible_runner_artifact_dir = 'Not set' (Constants/Not set)
2024-04-15T01:01:20.928397+00:00 DEBUG 'ansible_navigator.main' Prior to rollback: ansible_runner_rotate_artifacts_count = 'Not set' (Constants/Not set)
2024-04-15T01:01:20.928416+00:00 DEBUG 'ansible_navigator.main' Prior to rollback: ansible_runner_timeout = 'Not set' (Constants/Not set)
2024-04-15T01:01:20.928440+00:00 DEBUG 'ansible_navigator.main' Prior to rollback: app = 'welcome' (str/Defaults)
2024-04-15T01:01:20.928460+00:00 DEBUG 'ansible_navigator.main' Prior to rollback: cmdline = '['generate_config.yml', '-vvv']' (list/Command line)
2024-04-15T01:01:20.928480+00:00 DEBUG 'ansible_navigator.main' Prior to rollback: collection_doc_cache_path = '/home/student/.cache/ansible-navigator/collection_doc_cache.db' (str/Defaults)
2024-04-15T01:01:20.928500+00:00 DEBUG 'ansible_navigator.main' Prior to rollback: config = 'Not set' (Constants/Not set)
2024-04-15T01:01:20.928520+00:00 DEBUG 'ansible_navigator.main' Prior to rollback: container_engine = 'auto' (str/Defaults)
2024-04-15T01:01:20.928539+00:00 DEBUG 'ansible_navigator.main' Prior to rollback: container_options = 'Not set' (Constants/Not set)
2024-04-15T01:01:20.928559+00:00 DEBUG 'ansible_navigator.main' Prior to rollback: display_color = 'True' (bool/Defaults)
2024-04-15T01:01:20.928579+00:00 DEBUG 'ansible_navigator.main' Prior to rollback: editor_command = 'vi +{line_number} {filename}' (str/Defaults)
2024-04-15T01:01:20.928598+00:00 DEBUG 'ansible_navigator.main' Prior to rollback: editor_console = 'True' (bool/Defaults)
2024-04-15T01:01:20.928618+00:00 DEBUG 'ansible_navigator.main' Prior to rollback: exec_command = '/bin/bash' (str/Defaults)
2024-04-15T01:01:20.928638+00:00 DEBUG 'ansible_navigator.main' Prior to rollback: exec_shell = 'True' (bool/Defaults)
2024-04-15T01:01:20.928658+00:00 DEBUG 'ansible_navigator.main' Prior to rollback: execution_environment = 'True' (bool/Defaults)
2024-04-15T01:01:20.928678+00:00 DEBUG 'ansible_navigator.main' Prior to rollback: execution_environment_image = 'hub.lab.example.com/ee-supported-rhel8:latest' (str/Settings file)
2024-04-15T01:01:20.928698+00:00 DEBUG 'ansible_navigator.main' Prior to rollback: execution_environment_volume_mounts = 'Not set' (Constants/Not set)
2024-04-15T01:01:20.928718+00:00 DEBUG 'ansible_navigator.main' Prior to rollback: help_builder = 'False' (bool/Defaults)
2024-04-15T01:01:20.928738+00:00 DEBUG 'ansible_navigator.main' Prior to rollback: help_config = 'False' (bool/Defaults)
2024-04-15T01:01:20.928757+00:00 DEBUG 'ansible_navigator.main' Prior to rollback: help_doc = 'False' (bool/Defaults)
2024-04-15T01:01:20.928777+00:00 DEBUG 'ansible_navigator.main' Prior to rollback: help_inventory = 'False' (bool/Defaults)
2024-04-15T01:01:20.928797+00:00 DEBUG 'ansible_navigator.main' Prior to rollback: help_playbook = 'False' (bool/Defaults)
2024-04-15T01:01:20.928817+00:00 DEBUG 'ansible_navigator.main' Prior to rollback: images_details = '['everything']' (list/Defaults)
2024-04-15T01:01:20.928837+00:00 DEBUG 'ansible_navigator.main' Prior to rollback: inventory = '['./inventory.yaml']' (list/Settings file)
2024-04-15T01:01:20.928857+00:00 DEBUG 'ansible_navigator.main' Prior to rollback: inventory_column = 'Not set' (Constants/Not set)
2024-04-15T01:01:20.928877+00:00 DEBUG 'ansible_navigator.main' Prior to rollback: lint_config = 'Not set' (Constants/Not set)
2024-04-15T01:01:20.928897+00:00 DEBUG 'ansible_navigator.main' Prior to rollback: lintables = 'Not set' (Constants/Not set)
2024-04-15T01:01:20.928917+00:00 DEBUG 'ansible_navigator.main' Prior to rollback: log_append = 'True' (bool/Defaults)
2024-04-15T01:01:20.928937+00:00 DEBUG 'ansible_navigator.main' Prior to rollback: log_file = '/home/student/git-repos/compreview/ansible-navigator.log' (str/Defaults)
2024-04-15T01:01:20.928957+00:00 DEBUG 'ansible_navigator.main' Prior to rollback: log_level = 'warning' (str/Defaults)
2024-04-15T01:01:20.928977+00:00 DEBUG 'ansible_navigator.main' Prior to rollback: mode = 'stdout' (str/Settings file)
2024-04-15T01:01:20.928997+00:00 DEBUG 'ansible_navigator.main' Prior to rollback: osc4 = 'True' (bool/Defaults)
2024-04-15T01:01:20.929017+00:00 DEBUG 'ansible_navigator.main' Prior to rollback: pass_environment_variable = 'Not set' (Constants/Not set)
2024-04-15T01:01:20.929037+00:00 DEBUG 'ansible_navigator.main' Prior to rollback: playbook = 'Not set' (Constants/Not set)
2024-04-15T01:01:20.929068+00:00 DEBUG 'ansible_navigator.main' Prior to rollback: playbook_artifact_enable = 'False' (bool/Settings file)
2024-04-15T01:01:20.929089+00:00 DEBUG 'ansible_navigator.main' Prior to rollback: playbook_artifact_replay = 'Not set' (Constants/Not set)
2024-04-15T01:01:20.929109+00:00 DEBUG 'ansible_navigator.main' Prior to rollback: playbook_artifact_save_as = '{playbook_dir}/{playbook_name}-artifact-{time_stamp}.json' (str/Defaults)
2024-04-15T01:01:20.929129+00:00 DEBUG 'ansible_navigator.main' Prior to rollback: plugin_name = 'Not set' (Constants/Not set)
2024-04-15T01:01:20.929149+00:00 DEBUG 'ansible_navigator.main' Prior to rollback: plugin_type = 'module' (str/Defaults)
2024-04-15T01:01:20.929169+00:00 DEBUG 'ansible_navigator.main' Prior to rollback: pull_arguments = 'Not set' (Constants/Not set)
2024-04-15T01:01:20.929189+00:00 DEBUG 'ansible_navigator.main' Prior to rollback: pull_policy = 'missing' (str/Settings file)
2024-04-15T01:01:20.929209+00:00 DEBUG 'ansible_navigator.main' Prior to rollback: set_environment_variable = 'Not set' (Constants/Not set)
2024-04-15T01:01:20.929229+00:00 DEBUG 'ansible_navigator.main' Prior to rollback: settings_effective = 'False' (bool/Defaults)
2024-04-15T01:01:20.929249+00:00 DEBUG 'ansible_navigator.main' Prior to rollback: settings_sample = 'False' (bool/Defaults)
2024-04-15T01:01:20.929268+00:00 DEBUG 'ansible_navigator.main' Prior to rollback: settings_schema = 'json' (str/Defaults)
2024-04-15T01:01:20.929288+00:00 DEBUG 'ansible_navigator.main' Prior to rollback: settings_sources = 'False' (bool/Defaults)
2024-04-15T01:01:20.929308+00:00 DEBUG 'ansible_navigator.main' Prior to rollback: time_zone = 'UTC' (str/Defaults)
2024-04-15T01:01:20.929328+00:00 DEBUG 'ansible_navigator.main' Prior to rollback: workdir = '/home/student/git-repos/compreview' (str/Defaults)
2024-04-15T01:01:20.929348+00:00 DEBUG 'ansible_navigator.main' After rollback: ansible_runner_artifact_dir = 'Not set' (Constants/Not set)
2024-04-15T01:01:20.929375+00:00 DEBUG 'ansible_navigator.main' After rollback: ansible_runner_rotate_artifacts_count = 'Not set' (Constants/Not set)
2024-04-15T01:01:20.929395+00:00 DEBUG 'ansible_navigator.main' After rollback: ansible_runner_timeout = 'Not set' (Constants/Not set)
2024-04-15T01:01:20.929416+00:00 DEBUG 'ansible_navigator.main' After rollback: app = 'Not set' (Constants/Not set)
2024-04-15T01:01:20.929436+00:00 DEBUG 'ansible_navigator.main' After rollback: cmdline = 'Not set' (Constants/Not set)
2024-04-15T01:01:20.929456+00:00 DEBUG 'ansible_navigator.main' After rollback: collection_doc_cache_path = 'Not set' (Constants/Not set)
2024-04-15T01:01:20.929476+00:00 DEBUG 'ansible_navigator.main' After rollback: config = 'Not set' (Constants/Not set)
2024-04-15T01:01:20.929496+00:00 DEBUG 'ansible_navigator.main' After rollback: container_engine = 'Not set' (Constants/Not set)
2024-04-15T01:01:20.929516+00:00 DEBUG 'ansible_navigator.main' After rollback: container_options = 'Not set' (Constants/Not set)
2024-04-15T01:01:20.929536+00:00 DEBUG 'ansible_navigator.main' After rollback: display_color = 'Not set' (Constants/Not set)
2024-04-15T01:01:20.929556+00:00 DEBUG 'ansible_navigator.main' After rollback: editor_command = 'Not set' (Constants/Not set)
2024-04-15T01:01:20.929576+00:00 DEBUG 'ansible_navigator.main' After rollback: editor_console = 'Not set' (Constants/Not set)
2024-04-15T01:01:20.929595+00:00 DEBUG 'ansible_navigator.main' After rollback: exec_command = 'Not set' (Constants/Not set)
2024-04-15T01:01:20.929615+00:00 DEBUG 'ansible_navigator.main' After rollback: exec_shell = 'Not set' (Constants/Not set)
2024-04-15T01:01:20.929635+00:00 DEBUG 'ansible_navigator.main' After rollback: execution_environment = 'Not set' (Constants/Not set)
2024-04-15T01:01:20.929655+00:00 DEBUG 'ansible_navigator.main' After rollback: execution_environment_image = 'Not set' (Constants/Not set)
2024-04-15T01:01:20.929675+00:00 DEBUG 'ansible_navigator.main' After rollback: execution_environment_volume_mounts = 'Not set' (Constants/Not set)
2024-04-15T01:01:20.929700+00:00 DEBUG 'ansible_navigator.main' After rollback: help_builder = 'Not set' (Constants/Not set)
2024-04-15T01:01:20.929721+00:00 DEBUG 'ansible_navigator.main' After rollback: help_config = 'Not set' (Constants/Not set)
2024-04-15T01:01:20.929740+00:00 DEBUG 'ansible_navigator.main' After rollback: help_doc = 'Not set' (Constants/Not set)
2024-04-15T01:01:20.929760+00:00 DEBUG 'ansible_navigator.main' After rollback: help_inventory = 'Not set' (Constants/Not set)
2024-04-15T01:01:20.929780+00:00 DEBUG 'ansible_navigator.main' After rollback: help_playbook = 'Not set' (Constants/Not set)
2024-04-15T01:01:20.929800+00:00 DEBUG 'ansible_navigator.main' After rollback: images_details = 'Not set' (Constants/Not set)
2024-04-15T01:01:20.929820+00:00 DEBUG 'ansible_navigator.main' After rollback: inventory = 'Not set' (Constants/Not set)
2024-04-15T01:01:20.929840+00:00 DEBUG 'ansible_navigator.main' After rollback: inventory_column = 'Not set' (Constants/Not set)
2024-04-15T01:01:20.929860+00:00 DEBUG 'ansible_navigator.main' After rollback: lint_config = 'Not set' (Constants/Not set)
2024-04-15T01:01:20.929880+00:00 DEBUG 'ansible_navigator.main' After rollback: lintables = 'Not set' (Constants/Not set)
2024-04-15T01:01:20.929900+00:00 DEBUG 'ansible_navigator.main' After rollback: log_append = 'Not set' (Constants/Not set)
2024-04-15T01:01:20.929919+00:00 DEBUG 'ansible_navigator.main' After rollback: log_file = 'Not set' (Constants/Not set)
2024-04-15T01:01:20.929940+00:00 DEBUG 'ansible_navigator.main' After rollback: log_level = 'Not set' (Constants/Not set)
2024-04-15T01:01:20.929960+00:00 DEBUG 'ansible_navigator.main' After rollback: mode = 'Not set' (Constants/Not set)
2024-04-15T01:01:20.929979+00:00 DEBUG 'ansible_navigator.main' After rollback: osc4 = 'Not set' (Constants/Not set)
2024-04-15T01:01:20.929999+00:00 DEBUG 'ansible_navigator.main' After rollback: pass_environment_variable = 'Not set' (Constants/Not set)
2024-04-15T01:01:20.930019+00:00 DEBUG 'ansible_navigator.main' After rollback: playbook = 'Not set' (Constants/Not set)
2024-04-15T01:01:20.930039+00:00 DEBUG 'ansible_navigator.main' After rollback: playbook_artifact_enable = 'Not set' (Constants/Not set)
2024-04-15T01:01:20.930077+00:00 DEBUG 'ansible_navigator.main' After rollback: playbook_artifact_replay = 'Not set' (Constants/Not set)
2024-04-15T01:01:20.930097+00:00 DEBUG 'ansible_navigator.main' After rollback: playbook_artifact_save_as = 'Not set' (Constants/Not set)
2024-04-15T01:01:20.930117+00:00 DEBUG 'ansible_navigator.main' After rollback: plugin_name = 'Not set' (Constants/Not set)
2024-04-15T01:01:20.930137+00:00 DEBUG 'ansible_navigator.main' After rollback: plugin_type = 'Not set' (Constants/Not set)
2024-04-15T01:01:20.930157+00:00 DEBUG 'ansible_navigator.main' After rollback: pull_arguments = 'Not set' (Constants/Not set)
2024-04-15T01:01:20.930177+00:00 DEBUG 'ansible_navigator.main' After rollback: pull_policy = 'Not set' (Constants/Not set)
2024-04-15T01:01:20.930197+00:00 DEBUG 'ansible_navigator.main' After rollback: set_environment_variable = 'Not set' (Constants/Not set)
2024-04-15T01:01:20.930217+00:00 DEBUG 'ansible_navigator.main' After rollback: settings_effective = 'Not set' (Constants/Not set)
2024-04-15T01:01:20.930237+00:00 DEBUG 'ansible_navigator.main' After rollback: settings_sample = 'Not set' (Constants/Not set)
2024-04-15T01:01:20.930257+00:00 DEBUG 'ansible_navigator.main' After rollback: settings_schema = 'Not set' (Constants/Not set)
2024-04-15T01:01:20.930277+00:00 DEBUG 'ansible_navigator.main' After rollback: settings_sources = 'Not set' (Constants/Not set)
2024-04-15T01:01:20.930297+00:00 DEBUG 'ansible_navigator.main' After rollback: time_zone = 'Not set' (Constants/Not set)
2024-04-15T01:01:20.930317+00:00 DEBUG 'ansible_navigator.main' After rollback: workdir = 'Not set' (Constants/Not set)
2024-04-15T01:01:20.930337+00:00 DEBUG 'ansible_navigator.main' Configuration rollback complete.
2024-04-15T01:01:20.930368+00:00 DEBUG 'ansible_navigator.main' Collection doc cache not mounted
2024-04-15T01:01:20.930405+00:00 WARNING 'ansible_navigator.main' Issues were found while applying the settings.
2024-04-15T01:01:20.930429+00:00 INFO 'ansible_navigator.main' Command provided: 'generate_config.yml -vvv'
2024-04-15T01:01:20.930455+00:00 ERROR 'ansible_navigator.main' argument {subcommand} --help: invalid choice: 'generate_config.yml' (choose from 'builder', 'collections', 'config', 'doc', 'exec', 'images', 'inventory', 'lint', 'replay', 'run', 'settings', 'welcome')
2024-04-15T01:01:20.930479+00:00 INFO 'ansible_navigator.main' Configuration failed, using default log file location. (/home/student/git-repos/compreview/ansible-navigator.log) Log level set to debug
2024-04-15T01:01:20.930502+00:00 INFO 'ansible_navigator.main' Review the hints and log file to see what went wrong.
